[2024-09-04T06:00:52.194+0000] {local_task_job_runner.py:123} INFO - ::group::Pre task execution logs
[2024-09-04T06:00:52.207+0000] {taskinstance.py:2603} INFO - Dependencies all met for dep_context=non-requeueable deps ti=<TaskInstance: weather_dag.is_weather_api_ready manual__2024-09-04T06:00:49.098187+00:00 [queued]>
[2024-09-04T06:00:52.213+0000] {taskinstance.py:2603} INFO - Dependencies all met for dep_context=requeueable deps ti=<TaskInstance: weather_dag.is_weather_api_ready manual__2024-09-04T06:00:49.098187+00:00 [queued]>
[2024-09-04T06:00:52.213+0000] {taskinstance.py:2856} INFO - Starting attempt 1 of 3
[2024-09-04T06:00:52.229+0000] {taskinstance.py:2879} INFO - Executing <Task(HttpSensor): is_weather_api_ready> on 2024-09-04 06:00:49.098187+00:00
[2024-09-04T06:00:52.233+0000] {standard_task_runner.py:72} INFO - Started process 3281 to run task
[2024-09-04T06:00:52.238+0000] {standard_task_runner.py:104} INFO - Running: ['airflow', 'tasks', 'run', 'weather_dag', 'is_weather_api_ready', 'manual__2024-09-04T06:00:49.098187+00:00', '--job-id', '27', '--raw', '--subdir', 'DAGS_FOLDER/weather_dag.py', '--cfg-path', '/tmp/tmpegjv8ni3']
[2024-09-04T06:00:52.238+0000] {standard_task_runner.py:105} INFO - Job 27: Subtask is_weather_api_ready
[2024-09-04T06:00:52.361+0000] {task_command.py:467} INFO - Running <TaskInstance: weather_dag.is_weather_api_ready manual__2024-09-04T06:00:49.098187+00:00 [running]> on host ip-172-31-40-195.ap-southeast-2.compute.internal
[2024-09-04T06:00:52.557+0000] {taskinstance.py:3122} INFO - Exporting env vars: AIRFLOW_CTX_DAG_EMAIL='myemail@domain.com' AIRFLOW_CTX_DAG_OWNER='airflow' AIRFLOW_CTX_DAG_ID='weather_dag' AIRFLOW_CTX_TASK_ID='is_weather_api_ready' AIRFLOW_CTX_EXECUTION_DATE='2024-09-04T06:00:49.098187+00:00' AIRFLOW_CTX_TRY_NUMBER='1' AIRFLOW_CTX_DAG_RUN_ID='manual__2024-09-04T06:00:49.098187+00:00'
[2024-09-04T06:00:52.558+0000] {logging_mixin.py:190} INFO - Task instance is in running state
[2024-09-04T06:00:52.558+0000] {logging_mixin.py:190} INFO -  Previous state of the Task instance: queued
[2024-09-04T06:00:52.558+0000] {logging_mixin.py:190} INFO - Current task name:is_weather_api_ready state:running start_date:2024-09-04 06:00:52.207812+00:00
[2024-09-04T06:00:52.558+0000] {logging_mixin.py:190} INFO - Dag name:weather_dag and current dag run status:running
[2024-09-04T06:00:52.559+0000] {taskinstance.py:731} INFO - ::endgroup::
[2024-09-04T06:00:52.559+0000] {baseoperator.py:405} WARNING - HttpSensor.execute cannot be called outside TaskInstance!
[2024-09-04T06:00:52.559+0000] {http.py:137} INFO - Poking: /data/2.5/weather?q=Portland&appid=ff8b7e449f39513a11bb704b9934edd3
[2024-09-04T06:00:52.565+0000] {base.py:84} INFO - Retrieving connection 'weathermap_api'
[2024-09-04T06:00:52.886+0000] {base.py:336} INFO - Success criteria met. Exiting.
[2024-09-04T06:00:52.890+0000] {taskinstance.py:340} INFO - ::group::Post task execution logs
[2024-09-04T06:00:52.891+0000] {taskinstance.py:352} INFO - Marking task as SUCCESS. dag_id=weather_dag, task_id=is_weather_api_ready, run_id=manual__2024-09-04T06:00:49.098187+00:00, execution_date=20240904T060049, start_date=20240904T060052, end_date=20240904T060052
[2024-09-04T06:00:52.903+0000] {logging_mixin.py:190} INFO - Task instance in success state
[2024-09-04T06:00:52.903+0000] {logging_mixin.py:190} INFO -  Previous state of the Task instance: running
[2024-09-04T06:00:52.903+0000] {logging_mixin.py:190} INFO - Dag name:weather_dag queued_at:2024-09-04 06:00:49.109467+00:00
[2024-09-04T06:00:52.903+0000] {logging_mixin.py:190} INFO - Task hostname:ip-172-31-40-195.ap-southeast-2.compute.internal operator:HttpSensor
[2024-09-04T06:00:52.937+0000] {local_task_job_runner.py:261} INFO - Task exited with return code 0
[2024-09-04T06:00:52.946+0000] {logging_mixin.py:190} WARNING - /home/ubuntu/airflow_venv/lib/python3.12/site-packages/airflow/models/baseoperator.py:1378 AirflowProviderDeprecationWarning: Call to deprecated class SimpleHttpOperator. (Class `SimpleHttpOperator` is deprecated and will be removed in a future release. Please use `HttpOperator` instead.)
[2024-09-04T06:00:53.076+0000] {taskinstance.py:3891} INFO - 1 downstream tasks scheduled from follow-on schedule check
[2024-09-04T06:00:53.083+0000] {local_task_job_runner.py:240} INFO - ::endgroup::
