[2024-09-04T06:00:59.099+0000] {local_task_job_runner.py:123} INFO - ::group::Pre task execution logs
[2024-09-04T06:00:59.107+0000] {taskinstance.py:2603} INFO - Dependencies all met for dep_context=non-requeueable deps ti=<TaskInstance: weather_dag.transform_load_weather_data manual__2024-09-04T06:00:49.098187+00:00 [queued]>
[2024-09-04T06:00:59.113+0000] {taskinstance.py:2603} INFO - Dependencies all met for dep_context=requeueable deps ti=<TaskInstance: weather_dag.transform_load_weather_data manual__2024-09-04T06:00:49.098187+00:00 [queued]>
[2024-09-04T06:00:59.113+0000] {taskinstance.py:2856} INFO - Starting attempt 1 of 3
[2024-09-04T06:00:59.130+0000] {taskinstance.py:2879} INFO - Executing <Task(PythonOperator): transform_load_weather_data> on 2024-09-04 06:00:49.098187+00:00
[2024-09-04T06:00:59.134+0000] {standard_task_runner.py:72} INFO - Started process 3289 to run task
[2024-09-04T06:00:59.139+0000] {standard_task_runner.py:104} INFO - Running: ['airflow', 'tasks', 'run', 'weather_dag', 'transform_load_weather_data', 'manual__2024-09-04T06:00:49.098187+00:00', '--job-id', '29', '--raw', '--subdir', 'DAGS_FOLDER/weather_dag.py', '--cfg-path', '/tmp/tmpif0euh2o']
[2024-09-04T06:00:59.141+0000] {standard_task_runner.py:105} INFO - Job 29: Subtask transform_load_weather_data
[2024-09-04T06:00:59.178+0000] {task_command.py:467} INFO - Running <TaskInstance: weather_dag.transform_load_weather_data manual__2024-09-04T06:00:49.098187+00:00 [running]> on host ip-172-31-40-195.ap-southeast-2.compute.internal
[2024-09-04T06:00:59.387+0000] {taskinstance.py:3122} INFO - Exporting env vars: AIRFLOW_CTX_DAG_EMAIL='myemail@domain.com' AIRFLOW_CTX_DAG_OWNER='airflow' AIRFLOW_CTX_DAG_ID='weather_dag' AIRFLOW_CTX_TASK_ID='transform_load_weather_data' AIRFLOW_CTX_EXECUTION_DATE='2024-09-04T06:00:49.098187+00:00' AIRFLOW_CTX_TRY_NUMBER='1' AIRFLOW_CTX_DAG_RUN_ID='manual__2024-09-04T06:00:49.098187+00:00'
[2024-09-04T06:00:59.387+0000] {logging_mixin.py:190} INFO - Task instance is in running state
[2024-09-04T06:00:59.388+0000] {logging_mixin.py:190} INFO -  Previous state of the Task instance: queued
[2024-09-04T06:00:59.388+0000] {logging_mixin.py:190} INFO - Current task name:transform_load_weather_data state:running start_date:2024-09-04 06:00:59.109048+00:00
[2024-09-04T06:00:59.388+0000] {logging_mixin.py:190} INFO - Dag name:weather_dag and current dag run status:running
[2024-09-04T06:00:59.388+0000] {taskinstance.py:731} INFO - ::endgroup::
[2024-09-04T06:00:59.474+0000] {credentials.py:621} INFO - Found credentials in shared credentials file: ~/.aws/credentials
[2024-09-04T06:00:59.646+0000] {python.py:240} INFO - Done. Returned value was: None
[2024-09-04T06:00:59.650+0000] {taskinstance.py:340} INFO - ::group::Post task execution logs
[2024-09-04T06:00:59.650+0000] {taskinstance.py:352} INFO - Marking task as SUCCESS. dag_id=weather_dag, task_id=transform_load_weather_data, run_id=manual__2024-09-04T06:00:49.098187+00:00, execution_date=20240904T060049, start_date=20240904T060059, end_date=20240904T060059
[2024-09-04T06:00:59.661+0000] {logging_mixin.py:190} INFO - Task instance in success state
[2024-09-04T06:00:59.661+0000] {logging_mixin.py:190} INFO -  Previous state of the Task instance: running
[2024-09-04T06:00:59.662+0000] {logging_mixin.py:190} INFO - Dag name:weather_dag queued_at:2024-09-04 06:00:49.109467+00:00
[2024-09-04T06:00:59.662+0000] {logging_mixin.py:190} INFO - Task hostname:ip-172-31-40-195.ap-southeast-2.compute.internal operator:PythonOperator
[2024-09-04T06:00:59.679+0000] {local_task_job_runner.py:261} INFO - Task exited with return code 0
[2024-09-04T06:00:59.688+0000] {taskinstance.py:3891} INFO - 0 downstream tasks scheduled from follow-on schedule check
[2024-09-04T06:00:59.689+0000] {local_task_job_runner.py:240} INFO - ::endgroup::
