2024-09-04 05:42:22.552 [info] [main] Log level: Info
2024-09-04 05:42:22.552 [info] [main] Validating found git in: "git"
2024-09-04 05:42:22.552 [info] [main] Using git "2.43.0" from "git"
2024-09-04 05:42:22.552 [info] [Model][doInitialScan] Initial repository scan started
2024-09-04 05:42:23.748 [info] > git rev-parse --show-toplevel [1351ms]
2024-09-04 05:42:23.748 [info] fatal: not a git repository (or any of the parent directories): .git
2024-09-04 05:42:24.062 [info] > git rev-parse --show-toplevel [67ms]
2024-09-04 05:42:24.062 [info] fatal: not a git repository (or any of the parent directories): .git
2024-09-04 05:42:24.382 [info] > git rev-parse --show-toplevel [236ms]
2024-09-04 05:42:24.382 [info] fatal: not a git repository (or any of the parent directories): .git
2024-09-04 05:42:24.387 [info] > git rev-parse --show-toplevel [1ms]
2024-09-04 05:42:24.387 [info] fatal: not a git repository (or any of the parent directories): .git
2024-09-04 05:42:24.394 [info] > git rev-parse --show-toplevel [1ms]
2024-09-04 05:42:24.394 [info] fatal: not a git repository (or any of the parent directories): .git
2024-09-04 05:42:24.547 [info] > git rev-parse --show-toplevel [1ms]
2024-09-04 05:42:24.547 [info] fatal: not a git repository (or any of the parent directories): .git
2024-09-04 05:42:24.556 [info] [Model][doInitialScan] Initial repository scan completed - repositories (0), closed repositories (0), parent repositories (0), unsafe repositories (0)
2024-09-04 05:42:43.429 [info] > git rev-parse --show-toplevel [2ms]
2024-09-04 05:42:43.429 [info] fatal: not a git repository (or any of the parent directories): .git
2024-09-04 05:42:51.689 [info] > git rev-parse --show-toplevel [2ms]
2024-09-04 05:42:51.689 [info] fatal: not a git repository (or any of the parent directories): .git
2024-09-04 05:43:19.997 [info] > git rev-parse --show-toplevel [1ms]
2024-09-04 05:43:19.997 [info] fatal: not a git repository (or any of the parent directories): .git
2024-09-04 05:44:11.273 [info] > git rev-parse --show-toplevel [2ms]
2024-09-04 05:44:11.274 [info] fatal: not a git repository (or any of the parent directories): .git
2024-09-04 05:45:08.660 [info] > git rev-parse --show-toplevel [2ms]
2024-09-04 05:45:08.660 [info] fatal: not a git repository (or any of the parent directories): .git
2024-09-04 05:58:05.886 [info] > git rev-parse --show-toplevel [6ms]
2024-09-04 05:58:05.888 [info] fatal: not a git repository (or any of the parent directories): .git
2024-09-04 05:58:14.205 [info] > git rev-parse --show-toplevel [4ms]
2024-09-04 05:58:14.205 [info] fatal: not a git repository (or any of the parent directories): .git
2024-09-04 05:59:36.663 [info] > git rev-parse --show-toplevel [1ms]
2024-09-04 05:59:36.663 [info] fatal: not a git repository (or any of the parent directories): .git
