[2024-09-04T06:03:16.834+0000] {local_task_job_runner.py:123} INFO - ::group::Pre task execution logs
[2024-09-04T06:03:16.840+0000] {taskinstance.py:2603} INFO - Dependencies all met for dep_context=non-requeueable deps ti=<TaskInstance: weather_dag.transform_load_weather_data manual__2024-09-04T06:03:06.361140+00:00 [queued]>
[2024-09-04T06:03:16.845+0000] {taskinstance.py:2603} INFO - Dependencies all met for dep_context=requeueable deps ti=<TaskInstance: weather_dag.transform_load_weather_data manual__2024-09-04T06:03:06.361140+00:00 [queued]>
[2024-09-04T06:03:16.846+0000] {taskinstance.py:2856} INFO - Starting attempt 1 of 3
[2024-09-04T06:03:16.864+0000] {taskinstance.py:2879} INFO - Executing <Task(PythonOperator): transform_load_weather_data> on 2024-09-04 06:03:06.361140+00:00
[2024-09-04T06:03:16.869+0000] {standard_task_runner.py:72} INFO - Started process 3435 to run task
[2024-09-04T06:03:16.873+0000] {standard_task_runner.py:104} INFO - Running: ['airflow', 'tasks', 'run', 'weather_dag', 'transform_load_weather_data', 'manual__2024-09-04T06:03:06.361140+00:00', '--job-id', '32', '--raw', '--subdir', 'DAGS_FOLDER/weather_dag.py', '--cfg-path', '/tmp/tmpwfvo92xb']
[2024-09-04T06:03:16.873+0000] {standard_task_runner.py:105} INFO - Job 32: Subtask transform_load_weather_data
[2024-09-04T06:03:16.914+0000] {task_command.py:467} INFO - Running <TaskInstance: weather_dag.transform_load_weather_data manual__2024-09-04T06:03:06.361140+00:00 [running]> on host ip-172-31-40-195.ap-southeast-2.compute.internal
[2024-09-04T06:03:17.112+0000] {taskinstance.py:3122} INFO - Exporting env vars: AIRFLOW_CTX_DAG_EMAIL='myemail@domain.com' AIRFLOW_CTX_DAG_OWNER='airflow' AIRFLOW_CTX_DAG_ID='weather_dag' AIRFLOW_CTX_TASK_ID='transform_load_weather_data' AIRFLOW_CTX_EXECUTION_DATE='2024-09-04T06:03:06.361140+00:00' AIRFLOW_CTX_TRY_NUMBER='1' AIRFLOW_CTX_DAG_RUN_ID='manual__2024-09-04T06:03:06.361140+00:00'
[2024-09-04T06:03:17.113+0000] {logging_mixin.py:190} INFO - Task instance is in running state
[2024-09-04T06:03:17.113+0000] {logging_mixin.py:190} INFO -  Previous state of the Task instance: queued
[2024-09-04T06:03:17.114+0000] {logging_mixin.py:190} INFO - Current task name:transform_load_weather_data state:running start_date:2024-09-04 06:03:16.841185+00:00
[2024-09-04T06:03:17.114+0000] {logging_mixin.py:190} INFO - Dag name:weather_dag and current dag run status:running
[2024-09-04T06:03:17.114+0000] {taskinstance.py:731} INFO - ::endgroup::
[2024-09-04T06:03:17.207+0000] {credentials.py:621} INFO - Found credentials in shared credentials file: ~/.aws/credentials
[2024-09-04T06:03:17.380+0000] {python.py:240} INFO - Done. Returned value was: None
[2024-09-04T06:03:17.383+0000] {taskinstance.py:340} INFO - ::group::Post task execution logs
[2024-09-04T06:03:17.385+0000] {taskinstance.py:352} INFO - Marking task as SUCCESS. dag_id=weather_dag, task_id=transform_load_weather_data, run_id=manual__2024-09-04T06:03:06.361140+00:00, execution_date=20240904T060306, start_date=20240904T060316, end_date=20240904T060317
[2024-09-04T06:03:17.396+0000] {logging_mixin.py:190} INFO - Task instance in success state
[2024-09-04T06:03:17.397+0000] {logging_mixin.py:190} INFO -  Previous state of the Task instance: running
[2024-09-04T06:03:17.397+0000] {logging_mixin.py:190} INFO - Dag name:weather_dag queued_at:2024-09-04 06:03:06.367660+00:00
[2024-09-04T06:03:17.397+0000] {logging_mixin.py:190} INFO - Task hostname:ip-172-31-40-195.ap-southeast-2.compute.internal operator:PythonOperator
[2024-09-04T06:03:17.408+0000] {local_task_job_runner.py:261} INFO - Task exited with return code 0
[2024-09-04T06:03:17.418+0000] {taskinstance.py:3891} INFO - 0 downstream tasks scheduled from follow-on schedule check
[2024-09-04T06:03:17.419+0000] {local_task_job_runner.py:240} INFO - ::endgroup::
