[2024-09-04T05:06:52.902+0000] {local_task_job_runner.py:123} INFO - ::group::Pre task execution logs
[2024-09-04T05:06:52.910+0000] {taskinstance.py:2603} INFO - Dependencies all met for dep_context=non-requeueable deps ti=<TaskInstance: weather_dag.extract_weather_data manual__2024-09-04T05:06:47.581164+00:00 [queued]>
[2024-09-04T05:06:52.914+0000] {taskinstance.py:2603} INFO - Dependencies all met for dep_context=requeueable deps ti=<TaskInstance: weather_dag.extract_weather_data manual__2024-09-04T05:06:47.581164+00:00 [queued]>
[2024-09-04T05:06:52.915+0000] {taskinstance.py:2856} INFO - Starting attempt 1 of 3
[2024-09-04T05:06:52.928+0000] {taskinstance.py:2879} INFO - Executing <Task(SimpleHttpOperator): extract_weather_data> on 2024-09-04 05:06:47.581164+00:00
[2024-09-04T05:06:52.932+0000] {standard_task_runner.py:72} INFO - Started process 11093 to run task
[2024-09-04T05:06:52.935+0000] {standard_task_runner.py:104} INFO - Running: ['airflow', 'tasks', 'run', 'weather_dag', 'extract_weather_data', 'manual__2024-09-04T05:06:47.581164+00:00', '--job-id', '10', '--raw', '--subdir', 'DAGS_FOLDER/weather_dag.py', '--cfg-path', '/tmp/tmpbq2w0tuq']
[2024-09-04T05:06:52.936+0000] {standard_task_runner.py:105} INFO - Job 10: Subtask extract_weather_data
[2024-09-04T05:06:52.965+0000] {task_command.py:467} INFO - Running <TaskInstance: weather_dag.extract_weather_data manual__2024-09-04T05:06:47.581164+00:00 [running]> on host ip-172-31-40-195.ap-southeast-2.compute.internal
[2024-09-04T05:06:53.135+0000] {taskinstance.py:3122} INFO - Exporting env vars: AIRFLOW_CTX_DAG_EMAIL='myemail@domain.com' AIRFLOW_CTX_DAG_OWNER='airflow' AIRFLOW_CTX_DAG_ID='weather_dag' AIRFLOW_CTX_TASK_ID='extract_weather_data' AIRFLOW_CTX_EXECUTION_DATE='2024-09-04T05:06:47.581164+00:00' AIRFLOW_CTX_TRY_NUMBER='1' AIRFLOW_CTX_DAG_RUN_ID='manual__2024-09-04T05:06:47.581164+00:00'
[2024-09-04T05:06:53.135+0000] {logging_mixin.py:190} INFO - Task instance is in running state
[2024-09-04T05:06:53.135+0000] {logging_mixin.py:190} INFO -  Previous state of the Task instance: queued
[2024-09-04T05:06:53.136+0000] {logging_mixin.py:190} INFO - Current task name:extract_weather_data state:running start_date:2024-09-04 05:06:52.910655+00:00
[2024-09-04T05:06:53.136+0000] {logging_mixin.py:190} INFO - Dag name:weather_dag and current dag run status:running
[2024-09-04T05:06:53.136+0000] {taskinstance.py:731} INFO - ::endgroup::
[2024-09-04T05:06:53.136+0000] {http.py:173} INFO - Calling HTTP method
[2024-09-04T05:06:53.139+0000] {base.py:84} INFO - Retrieving connection 'weathermap_api'
[2024-09-04T05:06:53.141+0000] {base.py:84} INFO - Retrieving connection 'weathermap_api'
[2024-09-04T05:06:53.429+0000] {http.py:222} INFO - {"coord":{"lon":-122.6762,"lat":45.5234},"weather":[{"id":802,"main":"Clouds","description":"scattered clouds","icon":"03n"}],"base":"stations","main":{"temp":291.31,"feels_like":291.32,"temp_min":289.19,"temp_max":292.81,"pressure":1019,"humidity":82,"sea_level":1019,"grnd_level":1017},"visibility":10000,"wind":{"speed":0.45,"deg":338,"gust":1.79},"clouds":{"all":46},"dt":1725426410,"sys":{"type":2,"id":2008548,"country":"US","sunrise":1725370524,"sunset":1725417885},"timezone":-25200,"id":5746545,"name":"Portland","cod":200}
[2024-09-04T05:06:53.443+0000] {taskinstance.py:340} INFO - ::group::Post task execution logs
[2024-09-04T05:06:53.444+0000] {taskinstance.py:352} INFO - Marking task as SUCCESS. dag_id=weather_dag, task_id=extract_weather_data, run_id=manual__2024-09-04T05:06:47.581164+00:00, execution_date=20240904T050647, start_date=20240904T050652, end_date=20240904T050653
[2024-09-04T05:06:53.454+0000] {logging_mixin.py:190} INFO - Task instance in success state
[2024-09-04T05:06:53.454+0000] {logging_mixin.py:190} INFO -  Previous state of the Task instance: running
[2024-09-04T05:06:53.454+0000] {logging_mixin.py:190} INFO - Dag name:weather_dag queued_at:2024-09-04 05:06:47.587371+00:00
[2024-09-04T05:06:53.454+0000] {logging_mixin.py:190} INFO - Task hostname:ip-172-31-40-195.ap-southeast-2.compute.internal operator:SimpleHttpOperator
[2024-09-04T05:06:53.471+0000] {local_task_job_runner.py:261} INFO - Task exited with return code 0
[2024-09-04T05:06:53.477+0000] {logging_mixin.py:190} WARNING - /home/ubuntu/airflow_venv/lib/python3.12/site-packages/airflow/models/baseoperator.py:1378 AirflowProviderDeprecationWarning: Call to deprecated class SimpleHttpOperator. (Class `SimpleHttpOperator` is deprecated and will be removed in a future release. Please use `HttpOperator` instead.)
[2024-09-04T05:06:53.494+0000] {taskinstance.py:3891} INFO - 1 downstream tasks scheduled from follow-on schedule check
[2024-09-04T05:06:53.500+0000] {local_task_job_runner.py:240} INFO - ::endgroup::
